<?xml version="1.0" encoding="UTF-8"?>
<testsuite xmlns:xsi="http://www.w3.org/2001/XMLSchema-instance" xsi:noNamespaceSchemaLocation="https://maven.apache.org/surefire/maven-surefire-plugin/xsd/surefire-test-report-3.0.xsd" version="3.0" name="com.senac.br.Av2ProgWebMatheusV.Av2ProgWebMatheusVApplicationTests" time="5.373" tests="1" errors="0" skipped="0" failures="0">
  <properties>
[...]
</properties>
  <testcase name="contextLoads" classname="com.senac.br.Av2ProgWebMatheusV.Av2ProgWebMatheusVApplicationTests" time="0.311">
    <system-out><![CDATA[20:12:50.320 [main] INFO org.springframework.test.context.support.AnnotationConfigContextLoaderUtils -- Could not detect default configuration classes for test class [com.senac.br.Av2ProgWebMatheusV.Av2ProgWebMatheusVApplicationTests]: Av2ProgWebMatheusVApplicationTests does not declare any static, non-private, non-final, nested classes annotated with @Configuration.
20:12:50.392 [main] INFO org.springframework.boot.test.context.SpringBootTestContextBootstrapper -- Found @SpringBootConfiguration com.senac.br.Av2ProgWebMatheusV.Av2ProgWebMatheusVApplication for test class com.senac.br.Av2ProgWebMatheusV.Av2ProgWebMatheusVApplicationTests

  .   ____          _            __ _ _
 /\\ / ___'_ __ _ _(_)_ __  __ _ \ \ \ \
( ( )\___ | '_ | '_| | '_ \/ _` | \ \ \ \
 \\/  ___)| |_)| | | | | || (_| |  ) ) ) )
  '  |____| .__|_| |_|_| |_\__, | / / / /
 =========|_|==============|___/=/_/_/_/

 :: Spring Boot ::                (v3.3.4)

2024-11-25T20:12:50.814-03:00  INFO 20648 --- [av2JenkinsMatheusV ] [           main] s.b.A.Av2ProgWebMatheusVApplicationTests : Starting Av2ProgWebMatheusVApplicationTests using Java 20.0.2 with PID 20648 (started by 36129382023.2N in C:\Users\36129382023.2n\Desktop\AV2JenkinsMatheusV)
2024-11-25T20:12:50.814-03:00  INFO 20648 --- [av2JenkinsMatheusV ] [           main] s.b.A.Av2ProgWebMatheusVApplicationTests : No active profile set, falling back to 1 default profile: "default"
2024-11-25T20:12:51.681-03:00  INFO 20648 --- [av2JenkinsMatheusV ] [           main] .s.d.r.c.RepositoryConfigurationDelegate : Bootstrapping Spring Data JPA repositories in DEFAULT mode.
2024-11-25T20:12:51.725-03:00  INFO 20648 --- [av2JenkinsMatheusV ] [           main] .s.d.r.c.RepositoryConfigurationDelegate : Finished Spring Data repository scanning in 29 ms. Found 1 JPA repository interface.
2024-11-25T20:12:51.870-03:00  INFO 20648 --- [av2JenkinsMatheusV ] [           main] o.s.cloud.context.scope.GenericScope     : BeanFactory id=4e1394d3-81d0-377c-9836-ab1eb6041a00
2024-11-25T20:12:52.341-03:00  INFO 20648 --- [av2JenkinsMatheusV ] [           main] o.hibernate.jpa.internal.util.LogHelper  : HHH000204: Processing PersistenceUnitInfo [name: default]
2024-11-25T20:12:52.414-03:00  INFO 20648 --- [av2JenkinsMatheusV ] [           main] org.hibernate.Version                    : HHH000412: Hibernate ORM core version 6.5.3.Final
2024-11-25T20:12:52.455-03:00  INFO 20648 --- [av2JenkinsMatheusV ] [           main] o.h.c.internal.RegionFactoryInitiator    : HHH000026: Second-level cache disabled
2024-11-25T20:12:52.767-03:00  INFO 20648 --- [av2JenkinsMatheusV ] [           main] o.s.o.j.p.SpringPersistenceUnitInfo      : No LoadTimeWeaver setup: ignoring JPA class transformer
2024-11-25T20:12:52.786-03:00  INFO 20648 --- [av2JenkinsMatheusV ] [           main] com.zaxxer.hikari.HikariDataSource       : HikariPool-1 - Starting...
2024-11-25T20:12:52.905-03:00  INFO 20648 --- [av2JenkinsMatheusV ] [           main] com.zaxxer.hikari.pool.HikariPool        : HikariPool-1 - Added connection com.mysql.cj.jdbc.ConnectionImpl@2c02a007
2024-11-25T20:12:52.905-03:00  INFO 20648 --- [av2JenkinsMatheusV ] [           main] com.zaxxer.hikari.HikariDataSource       : HikariPool-1 - Start completed.
2024-11-25T20:12:52.946-03:00  WARN 20648 --- [av2JenkinsMatheusV ] [           main] org.hibernate.dialect.Dialect            : HHH000511: The 5.5.5 version for [org.hibernate.dialect.MySQLDialect] is no longer supported, hence certain features may not work properly. The minimum supported version is 8.0.0. Check the community dialects project for available legacy versions.
2024-11-25T20:12:53.519-03:00  INFO 20648 --- [av2JenkinsMatheusV ] [           main] o.h.e.t.j.p.i.JtaPlatformInitiator       : HHH000489: No JTA platform available (set 'hibernate.transaction.jta.platform' to enable JTA platform integration)
2024-11-25T20:12:53.560-03:00  INFO 20648 --- [av2JenkinsMatheusV ] [           main] j.LocalContainerEntityManagerFactoryBean : Initialized JPA EntityManagerFactory for persistence unit 'default'
2024-11-25T20:12:54.142-03:00  WARN 20648 --- [av2JenkinsMatheusV ] [           main] JpaBaseConfiguration$JpaWebConfiguration : spring.jpa.open-in-view is enabled by default. Therefore, database queries may be performed during view rendering. Explicitly configure spring.jpa.open-in-view to disable this warning
2024-11-25T20:12:55.120-03:00  INFO 20648 --- [av2JenkinsMatheusV ] [           main] o.s.b.a.e.web.EndpointLinksResolver      : Exposing 1 endpoint beneath base path '/actuator'
2024-11-25T20:12:55.161-03:00  INFO 20648 --- [av2JenkinsMatheusV ] [           main] s.b.A.Av2ProgWebMatheusVApplicationTests : Started Av2ProgWebMatheusVApplicationTests in 4.66 seconds (process running for 5.404)
]]></system-out>
  </testcase>
</testsuite>